[0.154s] DEBUG:colcon:Command line arguments: ['/usr/bin/colcon', 'list', '-p', '--base-paths', '/home/vybhav/fusion2ros2']
[0.154s] DEBUG:colcon:Parsed command line arguments: Namespace(log_base=None, log_level=None, verb_name='list', build_base='build', ignore_user_meta=False, metas=['./colcon.meta'], base_paths=['/home/vybhav/fusion2ros2'], packages_ignore=None, packages_ignore_regex=None, paths=None, packages_up_to=None, packages_up_to_regex=None, packages_above=None, packages_above_and_dependencies=None, packages_above_depth=None, packages_select_by_dep=None, packages_skip_by_dep=None, packages_skip_up_to=None, packages_select_build_failed=False, packages_skip_build_finished=False, packages_select_test_failures=False, packages_skip_test_passed=False, packages_select=None, packages_skip=None, packages_select_regex=None, packages_skip_regex=None, packages_start=None, packages_end=None, allow_overriding=[], topological_order=False, names_only=False, paths_only=True, topological_graph=False, topological_graph_dot=False, topological_graph_density=False, topological_graph_legend=False, topological_graph_dot_cluster=False, topological_graph_dot_include_skipped=False, mixin_files=None, mixin=None, verb_parser=<colcon_mixin.mixin.mixin_argument.MixinArgumentDecorator object at 0x7441c6918610>, verb_extension=<colcon_package_information.verb.list.ListVerb object at 0x7441c6adb430>, main=<bound method ListVerb.main of <colcon_package_information.verb.list.ListVerb object at 0x7441c6adb430>>, mixin_verb=('list',))
[0.348s] Level 1:colcon.colcon_core.package_discovery:discover_packages(colcon_meta) check parameters
[0.348s] Level 1:colcon.colcon_core.package_discovery:discover_packages(recursive) check parameters
[0.348s] Level 1:colcon.colcon_core.package_discovery:discover_packages(ignore) check parameters
[0.349s] Level 1:colcon.colcon_core.package_discovery:discover_packages(path) check parameters
[0.349s] Level 1:colcon.colcon_core.package_discovery:discover_packages(recursive) discover
[0.349s] INFO:colcon.colcon_core.package_discovery:Crawling recursively for packages in '/home/vybhav/fusion2ros2'
[0.349s] Level 1:colcon.colcon_core.package_identification:_identify(/home/vybhav/fusion2ros2) by extensions ['ignore', 'ignore_ament_install']
[0.349s] Level 1:colcon.colcon_core.package_identification:_identify(/home/vybhav/fusion2ros2) by extension 'ignore'
[0.349s] Level 1:colcon.colcon_core.package_identification:_identify(/home/vybhav/fusion2ros2) by extension 'ignore_ament_install'
[0.349s] Level 1:colcon.colcon_core.package_identification:_identify(/home/vybhav/fusion2ros2) by extensions ['colcon_pkg']
[0.349s] Level 1:colcon.colcon_core.package_identification:_identify(/home/vybhav/fusion2ros2) by extension 'colcon_pkg'
[0.349s] Level 1:colcon.colcon_core.package_identification:_identify(/home/vybhav/fusion2ros2) by extensions ['colcon_meta']
[0.349s] Level 1:colcon.colcon_core.package_identification:_identify(/home/vybhav/fusion2ros2) by extension 'colcon_meta'
[0.349s] Level 1:colcon.colcon_core.package_identification:_identify(/home/vybhav/fusion2ros2) by extensions ['ros']
[0.349s] Level 1:colcon.colcon_core.package_identification:_identify(/home/vybhav/fusion2ros2) by extension 'ros'
[0.359s] Level 1:colcon.colcon_core.package_identification:_identify(/home/vybhav/fusion2ros2) by extensions ['cmake', 'python']
[0.359s] Level 1:colcon.colcon_core.package_identification:_identify(/home/vybhav/fusion2ros2) by extension 'cmake'
[0.359s] Level 1:colcon.colcon_core.package_identification:_identify(/home/vybhav/fusion2ros2) by extension 'python'
[0.359s] Level 1:colcon.colcon_core.package_identification:_identify(/home/vybhav/fusion2ros2) by extensions ['python_setup_py']
[0.359s] Level 1:colcon.colcon_core.package_identification:_identify(/home/vybhav/fusion2ros2) by extension 'python_setup_py'
[0.359s] Level 1:colcon.colcon_core.package_identification:_identify(/home/vybhav/fusion2ros2/Example) by extensions ['ignore', 'ignore_ament_install']
[0.359s] Level 1:colcon.colcon_core.package_identification:_identify(/home/vybhav/fusion2ros2/Example) by extension 'ignore'
[0.360s] Level 1:colcon.colcon_core.package_identification:_identify(/home/vybhav/fusion2ros2/Example) by extension 'ignore_ament_install'
[0.360s] Level 1:colcon.colcon_core.package_identification:_identify(/home/vybhav/fusion2ros2/Example) by extensions ['colcon_pkg']
[0.360s] Level 1:colcon.colcon_core.package_identification:_identify(/home/vybhav/fusion2ros2/Example) by extension 'colcon_pkg'
[0.360s] Level 1:colcon.colcon_core.package_identification:_identify(/home/vybhav/fusion2ros2/Example) by extensions ['colcon_meta']
[0.360s] Level 1:colcon.colcon_core.package_identification:_identify(/home/vybhav/fusion2ros2/Example) by extension 'colcon_meta'
[0.360s] Level 1:colcon.colcon_core.package_identification:_identify(/home/vybhav/fusion2ros2/Example) by extensions ['ros']
[0.360s] Level 1:colcon.colcon_core.package_identification:_identify(/home/vybhav/fusion2ros2/Example) by extension 'ros'
[0.360s] Level 1:colcon.colcon_core.package_identification:_identify(/home/vybhav/fusion2ros2/Example) by extensions ['cmake', 'python']
[0.360s] Level 1:colcon.colcon_core.package_identification:_identify(/home/vybhav/fusion2ros2/Example) by extension 'cmake'
[0.360s] Level 1:colcon.colcon_core.package_identification:_identify(/home/vybhav/fusion2ros2/Example) by extension 'python'
[0.360s] Level 1:colcon.colcon_core.package_identification:_identify(/home/vybhav/fusion2ros2/Example) by extensions ['python_setup_py']
[0.360s] Level 1:colcon.colcon_core.package_identification:_identify(/home/vybhav/fusion2ros2/Example) by extension 'python_setup_py'
[0.360s] Level 1:colcon.colcon_core.package_identification:_identify(/home/vybhav/fusion2ros2/Example/Basic_Robot_description) by extensions ['ignore', 'ignore_ament_install']
[0.360s] Level 1:colcon.colcon_core.package_identification:_identify(/home/vybhav/fusion2ros2/Example/Basic_Robot_description) by extension 'ignore'
[0.360s] Level 1:colcon.colcon_core.package_identification:_identify(/home/vybhav/fusion2ros2/Example/Basic_Robot_description) by extension 'ignore_ament_install'
[0.360s] Level 1:colcon.colcon_core.package_identification:_identify(/home/vybhav/fusion2ros2/Example/Basic_Robot_description) by extensions ['colcon_pkg']
[0.360s] Level 1:colcon.colcon_core.package_identification:_identify(/home/vybhav/fusion2ros2/Example/Basic_Robot_description) by extension 'colcon_pkg'
[0.360s] Level 1:colcon.colcon_core.package_identification:_identify(/home/vybhav/fusion2ros2/Example/Basic_Robot_description) by extensions ['colcon_meta']
[0.360s] Level 1:colcon.colcon_core.package_identification:_identify(/home/vybhav/fusion2ros2/Example/Basic_Robot_description) by extension 'colcon_meta'
[0.360s] Level 1:colcon.colcon_core.package_identification:_identify(/home/vybhav/fusion2ros2/Example/Basic_Robot_description) by extensions ['ros']
[0.360s] Level 1:colcon.colcon_core.package_identification:_identify(/home/vybhav/fusion2ros2/Example/Basic_Robot_description) by extension 'ros'
[0.363s] DEBUG:colcon.colcon_core.package_identification:Package '/home/vybhav/fusion2ros2/Example/Basic_Robot_description' with type 'ros.catkin' and name 'Basic_Robot_description'
[0.363s] Level 1:colcon.colcon_core.package_identification:_identify(/home/vybhav/fusion2ros2/URDF_Exporter_Ros2) by extensions ['ignore', 'ignore_ament_install']
[0.363s] Level 1:colcon.colcon_core.package_identification:_identify(/home/vybhav/fusion2ros2/URDF_Exporter_Ros2) by extension 'ignore'
[0.363s] Level 1:colcon.colcon_core.package_identification:_identify(/home/vybhav/fusion2ros2/URDF_Exporter_Ros2) by extension 'ignore_ament_install'
[0.363s] Level 1:colcon.colcon_core.package_identification:_identify(/home/vybhav/fusion2ros2/URDF_Exporter_Ros2) by extensions ['colcon_pkg']
[0.363s] Level 1:colcon.colcon_core.package_identification:_identify(/home/vybhav/fusion2ros2/URDF_Exporter_Ros2) by extension 'colcon_pkg'
[0.363s] Level 1:colcon.colcon_core.package_identification:_identify(/home/vybhav/fusion2ros2/URDF_Exporter_Ros2) by extensions ['colcon_meta']
[0.363s] Level 1:colcon.colcon_core.package_identification:_identify(/home/vybhav/fusion2ros2/URDF_Exporter_Ros2) by extension 'colcon_meta'
[0.363s] Level 1:colcon.colcon_core.package_identification:_identify(/home/vybhav/fusion2ros2/URDF_Exporter_Ros2) by extensions ['ros']
[0.363s] Level 1:colcon.colcon_core.package_identification:_identify(/home/vybhav/fusion2ros2/URDF_Exporter_Ros2) by extension 'ros'
[0.363s] Level 1:colcon.colcon_core.package_identification:_identify(/home/vybhav/fusion2ros2/URDF_Exporter_Ros2) by extensions ['cmake', 'python']
[0.363s] Level 1:colcon.colcon_core.package_identification:_identify(/home/vybhav/fusion2ros2/URDF_Exporter_Ros2) by extension 'cmake'
[0.363s] Level 1:colcon.colcon_core.package_identification:_identify(/home/vybhav/fusion2ros2/URDF_Exporter_Ros2) by extension 'python'
[0.363s] Level 1:colcon.colcon_core.package_identification:_identify(/home/vybhav/fusion2ros2/URDF_Exporter_Ros2) by extensions ['python_setup_py']
[0.363s] Level 1:colcon.colcon_core.package_identification:_identify(/home/vybhav/fusion2ros2/URDF_Exporter_Ros2) by extension 'python_setup_py'
[0.363s] Level 1:colcon.colcon_core.package_identification:_identify(/home/vybhav/fusion2ros2/URDF_Exporter_Ros2/core) by extensions ['ignore', 'ignore_ament_install']
[0.364s] Level 1:colcon.colcon_core.package_identification:_identify(/home/vybhav/fusion2ros2/URDF_Exporter_Ros2/core) by extension 'ignore'
[0.364s] Level 1:colcon.colcon_core.package_identification:_identify(/home/vybhav/fusion2ros2/URDF_Exporter_Ros2/core) by extension 'ignore_ament_install'
[0.364s] Level 1:colcon.colcon_core.package_identification:_identify(/home/vybhav/fusion2ros2/URDF_Exporter_Ros2/core) by extensions ['colcon_pkg']
[0.364s] Level 1:colcon.colcon_core.package_identification:_identify(/home/vybhav/fusion2ros2/URDF_Exporter_Ros2/core) by extension 'colcon_pkg'
[0.364s] Level 1:colcon.colcon_core.package_identification:_identify(/home/vybhav/fusion2ros2/URDF_Exporter_Ros2/core) by extensions ['colcon_meta']
[0.364s] Level 1:colcon.colcon_core.package_identification:_identify(/home/vybhav/fusion2ros2/URDF_Exporter_Ros2/core) by extension 'colcon_meta'
[0.364s] Level 1:colcon.colcon_core.package_identification:_identify(/home/vybhav/fusion2ros2/URDF_Exporter_Ros2/core) by extensions ['ros']
[0.364s] Level 1:colcon.colcon_core.package_identification:_identify(/home/vybhav/fusion2ros2/URDF_Exporter_Ros2/core) by extension 'ros'
[0.364s] Level 1:colcon.colcon_core.package_identification:_identify(/home/vybhav/fusion2ros2/URDF_Exporter_Ros2/core) by extensions ['cmake', 'python']
[0.364s] Level 1:colcon.colcon_core.package_identification:_identify(/home/vybhav/fusion2ros2/URDF_Exporter_Ros2/core) by extension 'cmake'
[0.364s] Level 1:colcon.colcon_core.package_identification:_identify(/home/vybhav/fusion2ros2/URDF_Exporter_Ros2/core) by extension 'python'
[0.364s] Level 1:colcon.colcon_core.package_identification:_identify(/home/vybhav/fusion2ros2/URDF_Exporter_Ros2/core) by extensions ['python_setup_py']
[0.364s] Level 1:colcon.colcon_core.package_identification:_identify(/home/vybhav/fusion2ros2/URDF_Exporter_Ros2/core) by extension 'python_setup_py'
[0.364s] Level 1:colcon.colcon_core.package_identification:_identify(/home/vybhav/fusion2ros2/URDF_Exporter_Ros2/package) by extensions ['ignore', 'ignore_ament_install']
[0.364s] Level 1:colcon.colcon_core.package_identification:_identify(/home/vybhav/fusion2ros2/URDF_Exporter_Ros2/package) by extension 'ignore'
[0.364s] Level 1:colcon.colcon_core.package_identification:_identify(/home/vybhav/fusion2ros2/URDF_Exporter_Ros2/package) by extension 'ignore_ament_install'
[0.364s] Level 1:colcon.colcon_core.package_identification:_identify(/home/vybhav/fusion2ros2/URDF_Exporter_Ros2/package) by extensions ['colcon_pkg']
[0.364s] Level 1:colcon.colcon_core.package_identification:_identify(/home/vybhav/fusion2ros2/URDF_Exporter_Ros2/package) by extension 'colcon_pkg'
[0.364s] Level 1:colcon.colcon_core.package_identification:_identify(/home/vybhav/fusion2ros2/URDF_Exporter_Ros2/package) by extensions ['colcon_meta']
[0.364s] Level 1:colcon.colcon_core.package_identification:_identify(/home/vybhav/fusion2ros2/URDF_Exporter_Ros2/package) by extension 'colcon_meta'
[0.365s] Level 1:colcon.colcon_core.package_identification:_identify(/home/vybhav/fusion2ros2/URDF_Exporter_Ros2/package) by extensions ['ros']
[0.365s] Level 1:colcon.colcon_core.package_identification:_identify(/home/vybhav/fusion2ros2/URDF_Exporter_Ros2/package) by extension 'ros'
[0.365s] DEBUG:colcon.colcon_core.package_identification:Package '/home/vybhav/fusion2ros2/URDF_Exporter_Ros2/package' with type 'ros.ament_python' and name 'package_name'
[0.366s] Level 1:colcon.colcon_core.package_identification:_identify(/home/vybhav/fusion2ros2/URDF_Exporter_Ros2/utils) by extensions ['ignore', 'ignore_ament_install']
[0.366s] Level 1:colcon.colcon_core.package_identification:_identify(/home/vybhav/fusion2ros2/URDF_Exporter_Ros2/utils) by extension 'ignore'
[0.366s] Level 1:colcon.colcon_core.package_identification:_identify(/home/vybhav/fusion2ros2/URDF_Exporter_Ros2/utils) by extension 'ignore_ament_install'
[0.366s] Level 1:colcon.colcon_core.package_identification:_identify(/home/vybhav/fusion2ros2/URDF_Exporter_Ros2/utils) by extensions ['colcon_pkg']
[0.366s] Level 1:colcon.colcon_core.package_identification:_identify(/home/vybhav/fusion2ros2/URDF_Exporter_Ros2/utils) by extension 'colcon_pkg'
[0.366s] Level 1:colcon.colcon_core.package_identification:_identify(/home/vybhav/fusion2ros2/URDF_Exporter_Ros2/utils) by extensions ['colcon_meta']
[0.366s] Level 1:colcon.colcon_core.package_identification:_identify(/home/vybhav/fusion2ros2/URDF_Exporter_Ros2/utils) by extension 'colcon_meta'
[0.366s] Level 1:colcon.colcon_core.package_identification:_identify(/home/vybhav/fusion2ros2/URDF_Exporter_Ros2/utils) by extensions ['ros']
[0.366s] Level 1:colcon.colcon_core.package_identification:_identify(/home/vybhav/fusion2ros2/URDF_Exporter_Ros2/utils) by extension 'ros'
[0.366s] Level 1:colcon.colcon_core.package_identification:_identify(/home/vybhav/fusion2ros2/URDF_Exporter_Ros2/utils) by extensions ['cmake', 'python']
[0.366s] Level 1:colcon.colcon_core.package_identification:_identify(/home/vybhav/fusion2ros2/URDF_Exporter_Ros2/utils) by extension 'cmake'
[0.366s] Level 1:colcon.colcon_core.package_identification:_identify(/home/vybhav/fusion2ros2/URDF_Exporter_Ros2/utils) by extension 'python'
[0.366s] Level 1:colcon.colcon_core.package_identification:_identify(/home/vybhav/fusion2ros2/URDF_Exporter_Ros2/utils) by extensions ['python_setup_py']
[0.366s] Level 1:colcon.colcon_core.package_identification:_identify(/home/vybhav/fusion2ros2/URDF_Exporter_Ros2/utils) by extension 'python_setup_py'
[0.366s] Level 1:colcon.colcon_core.package_identification:_identify(/home/vybhav/fusion2ros2/log) by extensions ['ignore', 'ignore_ament_install']
[0.366s] Level 1:colcon.colcon_core.package_identification:_identify(/home/vybhav/fusion2ros2/log) by extension 'ignore'
[0.366s] Level 1:colcon.colcon_core.package_identification:_identify(/home/vybhav/fusion2ros2/log) ignored
[0.366s] Level 1:colcon.colcon_core.package_discovery:discover_packages(recursive) using defaults
